  shapeShooterGame.cpp
D:\C++PracticeProjects\2DGameEngine\shapeShooterGame.cpp(147,84): warning C4244: 'argument': conversion from 'int' to 'float', possible loss of data
D:\C++PracticeProjects\2DGameEngine\shapeShooterGame.cpp(147,63): warning C4244: 'argument': conversion from 'int' to 'float', possible loss of data
D:\C++PracticeProjects\2DGameEngine\shapeShooterGame.cpp(195,14): warning C4244: 'initializing': conversion from 'T' to 'float', possible loss of data
          with
          [
              T=unsigned int
          ]
D:\C++PracticeProjects\2DGameEngine\shapeShooterGame.cpp(196,14): warning C4244: 'initializing': conversion from 'T' to 'float', possible loss of data
          with
          [
              T=unsigned int
          ]
D:\C++PracticeProjects\2DGameEngine\shapeShooterGame.cpp(209,14): warning C4244: 'initializing': conversion from 'T' to 'float', possible loss of data
          with
          [
              T=unsigned int
          ]
D:\C++PracticeProjects\2DGameEngine\shapeShooterGame.cpp(210,14): warning C4244: 'initializing': conversion from 'T' to 'float', possible loss of data
          with
          [
              T=unsigned int
          ]
D:\C++PracticeProjects\2DGameEngine\shapeShooterGame.cpp(228,23): warning C4305: 'initializing': truncation from 'double' to 'float'
C:\Program Files\Microsoft Visual Studio\2022\Community\VC\Tools\MSVC\14.33.31629\include\xutility(238,77): warning C4244: 'argument': conversion from 'int' to 'float', possible loss of data
C:\Program Files\Microsoft Visual Studio\2022\Community\VC\Tools\MSVC\14.33.31629\include\memory(2022): message : see reference to function template instantiation 'void std::_Construct_in_place<_Ty,int&,int&,sf::Color,sf::Color,int&>(_Ty &,int &,int &,sf::Color &&,sf::Color &&,int &) noexcept(false)' being compiled
          with
          [
              _Ty=CShape
          ]
C:\Program Files\Microsoft Visual Studio\2022\Community\VC\Tools\MSVC\14.33.31629\include\memory(2741): message : see reference to function template instantiation 'std::_Ref_count_obj2<CShape>::_Ref_count_obj2<int&,int&,_Ty,_Ty,int&>(int &,int &,_Ty &&,_Ty &&,int &)' being compiled
          with
          [
              _Ty=sf::Color
          ]
C:\Program Files\Microsoft Visual Studio\2022\Community\VC\Tools\MSVC\14.33.31629\include\memory(2742): message : see reference to function template instantiation 'std::_Ref_count_obj2<CShape>::_Ref_count_obj2<int&,int&,_Ty,_Ty,int&>(int &,int &,_Ty &&,_Ty &&,int &)' being compiled
          with
          [
              _Ty=sf::Color
          ]
D:\C++PracticeProjects\2DGameEngine\shapeShooterGame.cpp(200): message : see reference to function template instantiation 'std::shared_ptr<CShape> std::make_shared<CShape,int&,int&,sf::Color,sf::Color,int&>(int &,int &,sf::Color &&,sf::Color &&,int &)' being compiled
C:\Program Files\Microsoft Visual Studio\2022\Community\VC\Tools\MSVC\14.33.31629\include\xutility(238,77): warning C4244: 'argument': conversion from '_Ty' to 'float', possible loss of data
          with
          [
              _Ty=int
          ]
C:\Program Files\Microsoft Visual Studio\2022\Community\VC\Tools\MSVC\14.33.31629\include\memory(2022): message : see reference to function template instantiation 'void std::_Construct_in_place<_Ty,Vec2,Vec2,int>(_Ty &,Vec2 &&,Vec2 &&,int &&) noexcept(false)' being compiled
          with
          [
              _Ty=CTransform
          ]
C:\Program Files\Microsoft Visual Studio\2022\Community\VC\Tools\MSVC\14.33.31629\include\memory(2741): message : see reference to function template instantiation 'std::_Ref_count_obj2<CTransform>::_Ref_count_obj2<_Ty,_Ty,int>(_Ty &&,_Ty &&,int &&)' being compiled
          with
          [
              _Ty=Vec2
          ]
C:\Program Files\Microsoft Visual Studio\2022\Community\VC\Tools\MSVC\14.33.31629\include\memory(2742): message : see reference to function template instantiation 'std::_Ref_count_obj2<CTransform>::_Ref_count_obj2<_Ty,_Ty,int>(_Ty &&,_Ty &&,int &&)' being compiled
          with
          [
              _Ty=Vec2
          ]
D:\C++PracticeProjects\2DGameEngine\shapeShooterGame.cpp(225): message : see reference to function template instantiation 'std::shared_ptr<CTransform> std::make_shared<CTransform,Vec2,Vec2,int>(Vec2 &&,Vec2 &&,int &&)' being compiled
  Generating code
  1 of 553 functions ( 0.2%) were compiled, the rest were copied from previous compilation.
    0 functions were new in current compilation
    2 functions had inline decision re-evaluated but remain unchanged
  Finished generating code
  2DgameEngine.vcxproj -> D:\C++PracticeProjects\2DGameEngine\x64\Release\2DgameEngine.exe
